e:\googoltechdoc\scara\servosystemmanager1.0_2016_09_05\servosystemmanager1.0\servosystemmanager\servodriveralgorithmdll\debug\servodriveralgorithmdll.pch
e:\googoltechdoc\scara\servosystemmanager1.0_2016_09_05\servosystemmanager1.0\servosystemmanager\servodriveralgorithmdll\debug\vc120.pdb
e:\googoltechdoc\scara\servosystemmanager1.0_2016_09_05\servosystemmanager1.0\servosystemmanager\servodriveralgorithmdll\debug\vc120.idb
e:\googoltechdoc\scara\servosystemmanager1.0_2016_09_05\servosystemmanager1.0\servosystemmanager\servodriveralgorithmdll\debug\stdafx.obj
e:\googoltechdoc\scara\servosystemmanager1.0_2016_09_05\servosystemmanager1.0\servosystemmanager\servodriveralgorithmdll\debug\dllmain.obj
e:\googoltechdoc\scara\servosystemmanager1.0_2016_09_05\servosystemmanager1.0\servosystemmanager\servodriveralgorithmdll\debug\gtsd_fft.obj
e:\googoltechdoc\scara\servosystemmanager1.0_2016_09_05\servosystemmanager1.0\servosystemmanager\servodriveralgorithmdll\debug\servodriveralgorithmdll.obj
e:\googoltechdoc\scara\servosystemmanager1.0_2016_09_05\servosystemmanager1.0\servosystemmanager\debug\servodriveralgorithmdll.ilk
e:\googoltechdoc\scara\servosystemmanager1.0_2016_09_05\servosystemmanager1.0\servosystemmanager\debug\servodriveralgorithmdll.dll
e:\googoltechdoc\scara\servosystemmanager1.0_2016_09_05\servosystemmanager1.0\servosystemmanager\debug\servodriveralgorithmdll.pdb
e:\googoltechdoc\scara\servosystemmanager1.0_2016_09_05\servosystemmanager1.0\servosystemmanager\debug\servodriveralgorithmdll.lib
e:\googoltechdoc\scara\servosystemmanager1.0_2016_09_05\servosystemmanager1.0\servosystemmanager\debug\servodriveralgorithmdll.exp
e:\work\servodriveralgorithmdll_20161003\servodriveralgorithmdll\debug\dllmain.obj
e:\work\servodriveralgorithmdll_20161003\servodriveralgorithmdll\debug\gtsd_fft.obj
e:\work\servodriveralgorithmdll_20161003\servodriveralgorithmdll\debug\servodriveralgorithmdll.obj
e:\work\servodriveralgorithmdll_20161003\servodriveralgorithmdll\debug\stdafx.obj
e:\work\servodriveralgorithmdll_20161003\servodriveralgorithmdll\debug\servodriveralgorithmdll.pch
e:\work\servodriveralgorithmdll_20161003\servodriveralgorithmdll\debug\vc120.idb
e:\work\servodriveralgorithmdll_20161003\servodriveralgorithmdll\debug\vc120.pdb
e:\work\servodriveralgorithmdll_20161003\servodriveralgorithmdll\debug\servodri.f7938a52.tlog\cl.command.1.tlog
e:\work\servodriveralgorithmdll_20161003\servodriveralgorithmdll\debug\servodri.f7938a52.tlog\cl.read.1.tlog
e:\work\servodriveralgorithmdll_20161003\servodriveralgorithmdll\debug\servodri.f7938a52.tlog\cl.write.1.tlog
e:\work\servodriveralgorithmdll_20161003\servodriveralgorithmdll\debug\servodri.f7938a52.tlog\link.command.1.tlog
e:\work\servodriveralgorithmdll_20161003\servodriveralgorithmdll\debug\servodri.f7938a52.tlog\link.read.1.tlog
e:\work\servodriveralgorithmdll_20161003\servodriveralgorithmdll\debug\servodri.f7938a52.tlog\link.write.1.tlog
e:\work\servodriveralgorithmdll_20161003\servodriveralgorithmdll\debug\servodri.f7938a52.tlog\servodriveralgorithmdll.write.1u.tlog
