e:\googoltechdoc\scara\servosystemmanager2.0_2017_02_15\servosystemmanager2.0\servosystemmanager\servodrivercomdll\debug\servodrivercomdll.pch
e:\googoltechdoc\scara\servosystemmanager2.0_2017_02_15\servosystemmanager2.0\servosystemmanager\servodrivercomdll\debug\vc120.pdb
e:\googoltechdoc\scara\servosystemmanager2.0_2017_02_15\servosystemmanager2.0\servosystemmanager\servodrivercomdll\debug\vc120.idb
e:\googoltechdoc\scara\servosystemmanager2.0_2017_02_15\servosystemmanager2.0\servosystemmanager\servodrivercomdll\debug\stdafx.obj
e:\googoltechdoc\scara\servosystemmanager2.0_2017_02_15\servosystemmanager2.0\servosystemmanager\servodrivercomdll\debug\firmwaredl.obj
e:\googoltechdoc\scara\servosystemmanager2.0_2017_02_15\servosystemmanager2.0\servosystemmanager\servodrivercomdll\debug\net.obj
e:\googoltechdoc\scara\servosystemmanager2.0_2017_02_15\servosystemmanager2.0\servosystemmanager\servodrivercomdll\debug\netcommunication.obj
e:\googoltechdoc\scara\servosystemmanager2.0_2017_02_15\servosystemmanager2.0\servosystemmanager\servodrivercomdll\debug\packet.obj
e:\googoltechdoc\scara\servosystemmanager2.0_2017_02_15\servosystemmanager2.0\servosystemmanager\servodrivercomdll\debug\parsehex.obj
e:\googoltechdoc\scara\servosystemmanager2.0_2017_02_15\servosystemmanager2.0\servosystemmanager\servodrivercomdll\debug\cpu_timer.obj
e:\googoltechdoc\scara\servosystemmanager2.0_2017_02_15\servosystemmanager2.0\servosystemmanager\servodrivercomdll\debug\gdef.obj
e:\googoltechdoc\scara\servosystemmanager2.0_2017_02_15\servosystemmanager2.0\servosystemmanager\servodrivercomdll\debug\mt_timer.obj
e:\googoltechdoc\scara\servosystemmanager2.0_2017_02_15\servosystemmanager2.0\servosystemmanager\servodrivercomdll\debug\plotwave.obj
e:\googoltechdoc\scara\servosystemmanager2.0_2017_02_15\servosystemmanager2.0\servosystemmanager\servodrivercomdll\debug\rn_notimer.obj
e:\googoltechdoc\scara\servosystemmanager2.0_2017_02_15\servosystemmanager2.0\servosystemmanager\servodrivercomdll\debug\ringnetcom.obj
e:\googoltechdoc\scara\servosystemmanager2.0_2017_02_15\servosystemmanager2.0\servosystemmanager\servodrivercomdll\debug\ringnetpacket.obj
e:\googoltechdoc\scara\servosystemmanager2.0_2017_02_15\servosystemmanager2.0\servosystemmanager\servodrivercomdll\debug\rninterface.obj
e:\googoltechdoc\scara\servosystemmanager2.0_2017_02_15\servosystemmanager2.0\servosystemmanager\servodrivercomdll\debug\servodrivercomdll.obj
e:\googoltechdoc\scara\servosystemmanager2.0_2017_02_15\servosystemmanager2.0\servosystemmanager\servodrivercomdll\debug\socketcom.obj
e:\googoltechdoc\scara\servosystemmanager2.0_2017_02_15\servosystemmanager2.0\servosystemmanager\servodrivercomdll\debug\socketinterface.obj
e:\googoltechdoc\scara\servosystemmanager2.0_2017_02_15\servosystemmanager2.0\servosystemmanager\servodrivercomdll\debug\socketpacket.obj
e:\googoltechdoc\scara\servosystemmanager2.0_2017_02_15\servosystemmanager2.0\servosystemmanager\servodrivercomdll\debug\hex2ldr.obj
e:\googoltechdoc\scara\servosystemmanager2.0_2017_02_15\servosystemmanager2.0\servosystemmanager\servodrivercomdll\debug\ihex.obj
e:\googoltechdoc\scara\servosystemmanager2.0_2017_02_15\servosystemmanager2.0\servosystemmanager\servodrivercomdll\debug\serialport.obj
e:\googoltechdoc\scara\servosystemmanager2.0_2017_02_15\servosystemmanager2.0\servosystemmanager\servodrivercomdll\debug\abscom.obj
e:\googoltechdoc\scara\servosystemmanager2.0_2017_02_15\servosystemmanager2.0\servosystemmanager\servodrivercomdll\debug\st_gtsd_cmd.obj
e:\googoltechdoc\scara\servosystemmanager2.0_2017_02_15\servosystemmanager2.0\servosystemmanager\servodrivercomdll\debug\dllmain.obj
e:\googoltechdoc\scara\servosystemmanager2.0_2017_02_15\servosystemmanager2.0\servosystemmanager\debug\servodrivercomdll.ilk
e:\googoltechdoc\scara\servosystemmanager2.0_2017_02_15\servosystemmanager2.0\servosystemmanager\debug\servodrivercomdll.dll
e:\googoltechdoc\scara\servosystemmanager2.0_2017_02_15\servosystemmanager2.0\servosystemmanager\debug\servodrivercomdll.pdb
e:\googoltechdoc\scara\servosystemmanager2.0_2017_02_15\servosystemmanager2.0\servosystemmanager\debug\servodrivercomdll.lib
e:\googoltechdoc\scara\servosystemmanager2.0_2017_02_15\servosystemmanager2.0\servosystemmanager\debug\servodrivercomdll.exp
e:\学习资料\servomanager\servomanager2.0\servosystemmanager\servodrivercomdll\debug\abscom.obj
e:\学习资料\servomanager\servomanager2.0\servosystemmanager\servodrivercomdll\debug\cpu_timer.obj
e:\学习资料\servomanager\servomanager2.0\servosystemmanager\servodrivercomdll\debug\dllmain.obj
e:\学习资料\servomanager\servomanager2.0\servosystemmanager\servodrivercomdll\debug\firmwaredl.obj
e:\学习资料\servomanager\servomanager2.0\servosystemmanager\servodrivercomdll\debug\gdef.obj
e:\学习资料\servomanager\servomanager2.0\servosystemmanager\servodrivercomdll\debug\hex2ldr.obj
e:\学习资料\servomanager\servomanager2.0\servosystemmanager\servodrivercomdll\debug\ihex.obj
e:\学习资料\servomanager\servomanager2.0\servosystemmanager\servodrivercomdll\debug\mt_timer.obj
e:\学习资料\servomanager\servomanager2.0\servosystemmanager\servodrivercomdll\debug\net.obj
e:\学习资料\servomanager\servomanager2.0\servosystemmanager\servodrivercomdll\debug\netcommunication.obj
e:\学习资料\servomanager\servomanager2.0\servosystemmanager\servodrivercomdll\debug\packet.obj
e:\学习资料\servomanager\servomanager2.0\servosystemmanager\servodrivercomdll\debug\parsehex.obj
e:\学习资料\servomanager\servomanager2.0\servosystemmanager\servodrivercomdll\debug\plotwave.obj
e:\学习资料\servomanager\servomanager2.0\servosystemmanager\servodrivercomdll\debug\ringnetcom.obj
e:\学习资料\servomanager\servomanager2.0\servosystemmanager\servodrivercomdll\debug\ringnetpacket.obj
e:\学习资料\servomanager\servomanager2.0\servosystemmanager\servodrivercomdll\debug\rninterface.obj
e:\学习资料\servomanager\servomanager2.0\servosystemmanager\servodrivercomdll\debug\rn_notimer.obj
e:\学习资料\servomanager\servomanager2.0\servosystemmanager\servodrivercomdll\debug\serialport.obj
e:\学习资料\servomanager\servomanager2.0\servosystemmanager\servodrivercomdll\debug\servodrivercomdll.obj
e:\学习资料\servomanager\servomanager2.0\servosystemmanager\servodrivercomdll\debug\socketcom.obj
e:\学习资料\servomanager\servomanager2.0\servosystemmanager\servodrivercomdll\debug\socketinterface.obj
e:\学习资料\servomanager\servomanager2.0\servosystemmanager\servodrivercomdll\debug\socketpacket.obj
e:\学习资料\servomanager\servomanager2.0\servosystemmanager\servodrivercomdll\debug\stdafx.obj
e:\学习资料\servomanager\servomanager2.0\servosystemmanager\servodrivercomdll\debug\st_gtsd_cmd.obj
e:\学习资料\servomanager\servomanager2.0\servosystemmanager\servodrivercomdll\debug\servodrivercomdll.pch
e:\学习资料\servomanager\servomanager2.0\servosystemmanager\servodrivercomdll\debug\vc120.idb
e:\学习资料\servomanager\servomanager2.0\servosystemmanager\servodrivercomdll\debug\vc120.pdb
e:\学习资料\servomanager\servomanager2.0\servosystemmanager\servodrivercomdll\debug\servodri.743704ec.tlog\cl.command.1.tlog
e:\学习资料\servomanager\servomanager2.0\servosystemmanager\servodrivercomdll\debug\servodri.743704ec.tlog\cl.read.1.tlog
e:\学习资料\servomanager\servomanager2.0\servosystemmanager\servodrivercomdll\debug\servodri.743704ec.tlog\cl.write.1.tlog
e:\学习资料\servomanager\servomanager2.0\servosystemmanager\servodrivercomdll\debug\servodri.743704ec.tlog\link.command.1.tlog
e:\学习资料\servomanager\servomanager2.0\servosystemmanager\servodrivercomdll\debug\servodri.743704ec.tlog\link.read.1.tlog
e:\学习资料\servomanager\servomanager2.0\servosystemmanager\servodrivercomdll\debug\servodri.743704ec.tlog\link.write.1.tlog
e:\学习资料\servomanager\servomanager2.0\servosystemmanager\servodrivercomdll\debug\servodri.743704ec.tlog\servodrivercomdll.write.1u.tlog
