e:\googoltechdoc\scara\servosystemmanager1.0_2016_09_05\servosystemmanager1.0\servosystemmanager\servodrivercomdll\release\servodrivercomdll.pch
e:\googoltechdoc\scara\servosystemmanager1.0_2016_09_05\servosystemmanager1.0\servosystemmanager\servodrivercomdll\release\vc120.pdb
e:\googoltechdoc\scara\servosystemmanager1.0_2016_09_05\servosystemmanager1.0\servosystemmanager\servodrivercomdll\release\stdafx.obj
e:\googoltechdoc\scara\servosystemmanager1.0_2016_09_05\servosystemmanager1.0\servosystemmanager\servodrivercomdll\release\serialport.obj
e:\googoltechdoc\scara\servosystemmanager1.0_2016_09_05\servosystemmanager1.0\servosystemmanager\servodrivercomdll\release\ihex.obj
e:\googoltechdoc\scara\servosystemmanager1.0_2016_09_05\servosystemmanager1.0\servosystemmanager\servodrivercomdll\release\hex2ldr.obj
e:\googoltechdoc\scara\servosystemmanager1.0_2016_09_05\servosystemmanager1.0\servosystemmanager\servodrivercomdll\release\servodrivercomdll.obj
e:\googoltechdoc\scara\servosystemmanager1.0_2016_09_05\servosystemmanager1.0\servosystemmanager\servodrivercomdll\release\plotwave.obj
e:\googoltechdoc\scara\servosystemmanager1.0_2016_09_05\servosystemmanager1.0\servosystemmanager\servodrivercomdll\release\mt_timer.obj
e:\googoltechdoc\scara\servosystemmanager1.0_2016_09_05\servosystemmanager1.0\servosystemmanager\servodrivercomdll\release\gdef.obj
e:\googoltechdoc\scara\servosystemmanager1.0_2016_09_05\servosystemmanager1.0\servosystemmanager\servodrivercomdll\release\cpu_timer.obj
e:\googoltechdoc\scara\servosystemmanager1.0_2016_09_05\servosystemmanager1.0\servosystemmanager\servodrivercomdll\release\parsehex.obj
e:\googoltechdoc\scara\servosystemmanager1.0_2016_09_05\servosystemmanager1.0\servosystemmanager\servodrivercomdll\release\packet.obj
e:\googoltechdoc\scara\servosystemmanager1.0_2016_09_05\servosystemmanager1.0\servosystemmanager\servodrivercomdll\release\netcommunication.obj
e:\googoltechdoc\scara\servosystemmanager1.0_2016_09_05\servosystemmanager1.0\servosystemmanager\servodrivercomdll\release\net.obj
e:\googoltechdoc\scara\servosystemmanager1.0_2016_09_05\servosystemmanager1.0\servosystemmanager\servodrivercomdll\release\firmwaredl.obj
e:\googoltechdoc\scara\servosystemmanager1.0_2016_09_05\servosystemmanager1.0\servosystemmanager\servodrivercomdll\release\st_gtsd_cmd.obj
e:\googoltechdoc\scara\servosystemmanager1.0_2016_09_05\servosystemmanager1.0\servosystemmanager\servodrivercomdll\release\abscom.obj
e:\googoltechdoc\scara\servosystemmanager1.0_2016_09_05\servosystemmanager1.0\servosystemmanager\servodrivercomdll\release\dllmain.obj
e:\googoltechdoc\scara\servosystemmanager1.0_2016_09_05\servosystemmanager1.0\servosystemmanager\release\servodrivercomdll.dll
e:\googoltechdoc\scara\servosystemmanager1.0_2016_09_05\servosystemmanager1.0\servosystemmanager\release\servodrivercomdll.pdb
e:\googoltechdoc\scara\servosystemmanager1.0_2016_09_05\servosystemmanager1.0\servosystemmanager\release\servodrivercomdll.lib
e:\googoltechdoc\scara\servosystemmanager1.0_2016_09_05\servosystemmanager1.0\servosystemmanager\release\servodrivercomdll.exp
e:\googoltechdoc\scara\servosystemmanager1.0_2016_09_05\servosystemmanager1.0\servosystemmanager\servodrivercomdll\release\servodri.743704ec.tlog\cl.command.1.tlog
e:\googoltechdoc\scara\servosystemmanager1.0_2016_09_05\servosystemmanager1.0\servosystemmanager\servodrivercomdll\release\servodri.743704ec.tlog\cl.read.1.tlog
e:\googoltechdoc\scara\servosystemmanager1.0_2016_09_05\servosystemmanager1.0\servosystemmanager\servodrivercomdll\release\servodri.743704ec.tlog\cl.write.1.tlog
e:\googoltechdoc\scara\servosystemmanager1.0_2016_09_05\servosystemmanager1.0\servosystemmanager\servodrivercomdll\release\servodri.743704ec.tlog\link.command.1.tlog
e:\googoltechdoc\scara\servosystemmanager1.0_2016_09_05\servosystemmanager1.0\servosystemmanager\servodrivercomdll\release\servodri.743704ec.tlog\link.read.1.tlog
e:\googoltechdoc\scara\servosystemmanager1.0_2016_09_05\servosystemmanager1.0\servosystemmanager\servodrivercomdll\release\servodri.743704ec.tlog\link.write.1.tlog
e:\googoltechdoc\scara\servosystemmanager1.0_2016_09_05\servosystemmanager1.0\servosystemmanager\servodrivercomdll\release\servodri.743704ec.tlog\servodrivercomdll.write.1u.tlog
